<?xml version="1.0" encoding="UTF-8"?>
<testsuite xmlns:xsi="http://www.w3.org/2001/XMLSchema-instance" xsi:noNamespaceSchemaLocation="https://maven.apache.org/surefire/maven-surefire-plugin/xsd/surefire-test-report-3.0.xsd" version="3.0" name="com.lewandowski.handsOnTest" time="0.087" tests="12" errors="0" skipped="0" failures="0">
  <properties>
[...]
</properties>
  <testcase name="testIrT10" classname="com.lewandowski.handsOnTest" time="0.048"/>
  <testcase name="testIrT11" classname="com.lewandowski.handsOnTest" time="0.001"/>
  <testcase name="testSbeT1" classname="com.lewandowski.handsOnTest" time="0.002"/>
  <testcase name="testSbeT2" classname="com.lewandowski.handsOnTest" time="0.001"/>
  <testcase name="testSbeT3" classname="com.lewandowski.handsOnTest" time="0.001"/>
  <testcase name="testSbeT4" classname="com.lewandowski.handsOnTest" time="0.001"/>
  <testcase name="testSbeT5" classname="com.lewandowski.handsOnTest" time="0"/>
  <testcase name="testInssT5" classname="com.lewandowski.handsOnTest" time="0.001"/>
  <testcase name="testInssT6" classname="com.lewandowski.handsOnTest" time="0.001"/>
  <testcase name="testInssT7" classname="com.lewandowski.handsOnTest" time="0.001"/>
  <testcase name="testInssT8" classname="com.lewandowski.handsOnTest" time="0.001"/>
  <testcase name="testInssT9" classname="com.lewandowski.handsOnTest" time="0.001"/>
</testsuite>